This is pdfTeX, Version 3.14159265-2.6-1.40.21 (TeX Live 2020) (preloaded format=pdflatex 2020.10.24)  14 FEB 2021 22:16
entering extended mode
 \write18 enabled.
 %&-line parsing enabled.
**/Users/sgarciago/Desktop/Repos/MsCS_Computo_Distribuido/tareas/Tarea04/chapte
rs/Tarea04.tex

(/Users/sgarciago/Desktop/Repos/MsCS_Computo_Distribuido/tareas/Tarea04/chapter
s/Tarea04.tex
LaTeX2e <2020-10-01> patch level 1
L3 programming layer <2020-10-05> xparse <2020-03-03>
! Undefined control sequence.
l.1 \chapter
            {Ejercicios extra criptografía} 
Here is how much of TeX's memory you used:
 17 strings out of 481868
 620 string characters out of 5930087
 257970 words of memory out of 5000000
 16429 multiletter control sequences out of 15000+600000
 535088 words of font info for 29 fonts, out of 8000000 for 9000
 14 hyphenation exceptions out of 8191
 13i,0n,15p,163b,10s stack positions out of 5000i,500n,10000p,200000b,80000s

!  ==> Fatal error occurred, no output PDF file produced!
